<corpus lang='english'>

    <lexelt item="word1.n">
        
        <instance id="word1.1" docsrc="1">
        <answer instance="word1.1" senseid="1"/>
        <context>
        This is the context for <head>word1</head> instance id 1
        </context>
        </instance>
        
        <instance id="word1.2" docsrc="2">
        <answer instance="word1.2" senseid="2"/>
        <context>
        This is the context for <head>word1</head> instance id 2
        </context>
        </instance>
        
        <instance id="word1.3" docsrc="3">
        <answer instance="word1.3" senseid="3"/>
        <context>
        This is the context for <head>word1</head> instance id 3
        </context>
        </instance>
        
        <instance id="word1.4" docsrc="4">
        <answer instance="word1.4" senseid="4"/>
        <context>
        This is the context for <head>word1</head> instance id 4
        </context>
        </instance>
        
    </lexelt>
    
    <lexelt item="word2.n">
    
        <instance id="word2.1" docsrc="1">
        <answer instance="word2.1" senseid="1"/>
        <context>
        This is the context for <head>word2</head> instance id 1
        </context>
        </instance>
        
        <instance id="word2.2" docsrc="2">
        <answer instance="word2.2" senseid="2"/>
        <context>
        This is the context for <head>word2</head> instance id 2
        </context>
        </instance>
        
        <instance id="word2.3" docsrc="3">
        <answer instance="word2.3" senseid="3"/>
        <context>
        This is the context for <head>word2</head> instance id 3
        </context>
        </instance>
        
        <instance id="word2.4" docsrc="4">
        <answer instance="word2.4" senseid="4"/>
        <context>
        This is the context for <head>word2</head> instance id 4
        </context>
        </instance>
        
    </lexelt>
    
    <lexelt item="word3.n">
    
        <instance id="word3.1" docsrc="1">
        <answer instance="word3.1" senseid="1"/>
        <context>
        This is the context for <head>word3</head> instance id 1
        </context>
        </instance>
        
        <instance id="word3.2" docsrc="2">
        <answer instance="word3.2" senseid="2"/>
        <context>
        This is the context for <head>word3</head> instance id 2
        </context>
        </instance>
        
        <instance id="word3.3" docsrc="3">
        <answer instance="word3.3" senseid="3"/>
        <context>
        This is the context for <head>word3</head> instance id 3
        </context>
        </instance>
        
        <instance id="word3.4" docsrc="4">
        <answer instance="word3.4" senseid="4"/>
        <context>
        This is the context for <head>word3</head> instance id 4
        </context>
        </instance>
        
    </lexelt>
    
</corpus>
