<corpus lang='english'> 
<lexelt item="art.n"> 
<instance id="art.40001">	
<answer	instance="art.40001"senseid="pop_art~1:06:00::"/> 
<context> 
this      is a work of <head>art</head>. 
i love this work of art.
do you? 
</context> 
</instance> 
</lexelt> 
</corpus>
